<?xml version="1.0" encoding="UTF-8"?>
<testsuite xmlns:xsi="http://www.w3.org/2001/XMLSchema-instance" xsi:noNamespaceSchemaLocation="https://maven.apache.org/surefire/maven-surefire-plugin/xsd/surefire-test-report.xsd" version="3.0.2" name="app.chat.ChatAppApplicationTests" time="23.948" tests="1" errors="0" skipped="0" failures="0">
  <properties>
    <property name="java.specification.version" value="17"/>
    <property name="sun.cpu.isalist" value="amd64"/>
    <property name="sun.jnu.encoding" value="Cp1252"/>
    <property name="java.class.path" value="D:\mine\Spring Projects\ChatApp\target\test-classes;D:\mine\Spring Projects\ChatApp\target\classes;C:\Users\JONATHAN\.m2\repository\org\springframework\boot\spring-boot-starter-web\3.4.3\spring-boot-starter-web-3.4.3.jar;C:\Users\JONATHAN\.m2\repository\org\springframework\boot\spring-boot-starter\3.4.3\spring-boot-starter-3.4.3.jar;C:\Users\JONATHAN\.m2\repository\org\springframework\boot\spring-boot\3.4.3\spring-boot-3.4.3.jar;C:\Users\JONATHAN\.m2\repository\org\springframework\boot\spring-boot-autoconfigure\3.4.3\spring-boot-autoconfigure-3.4.3.jar;C:\Users\JONATHAN\.m2\repository\org\springframework\boot\spring-boot-starter-logging\3.4.3\spring-boot-starter-logging-3.4.3.jar;C:\Users\JONATHAN\.m2\repository\org\apache\logging\log4j\log4j-to-slf4j\2.24.3\log4j-to-slf4j-2.24.3.jar;C:\Users\JONATHAN\.m2\repository\org\apache\logging\log4j\log4j-api\2.24.3\log4j-api-2.24.3.jar;C:\Users\JONATHAN\.m2\repository\org\slf4j\jul-to-slf4j\2.0.16\jul-to-slf4j-2.0.16.jar;C:\Users\JONATHAN\.m2\repository\jakarta\annotation\jakarta.annotation-api\2.1.1\jakarta.annotation-api-2.1.1.jar;C:\Users\JONATHAN\.m2\repository\org\yaml\snakeyaml\2.3\snakeyaml-2.3.jar;C:\Users\JONATHAN\.m2\repository\org\springframework\boot\spring-boot-starter-json\3.4.3\spring-boot-starter-json-3.4.3.jar;C:\Users\JONATHAN\.m2\repository\com\fasterxml\jackson\datatype\jackson-datatype-jdk8\2.18.2\jackson-datatype-jdk8-2.18.2.jar;C:\Users\JONATHAN\.m2\repository\com\fasterxml\jackson\datatype\jackson-datatype-jsr310\2.18.2\jackson-datatype-jsr310-2.18.2.jar;C:\Users\JONATHAN\.m2\repository\com\fasterxml\jackson\module\jackson-module-parameter-names\2.18.2\jackson-module-parameter-names-2.18.2.jar;C:\Users\JONATHAN\.m2\repository\org\springframework\boot\spring-boot-starter-tomcat\3.4.3\spring-boot-starter-tomcat-3.4.3.jar;C:\Users\JONATHAN\.m2\repository\org\apache\tomcat\embed\tomcat-embed-core\10.1.36\tomcat-embed-core-10.1.36.jar;C:\Users\JONATHAN\.m2\repository\org\apache\tomcat\embed\tomcat-embed-websocket\10.1.36\tomcat-embed-websocket-10.1.36.jar;C:\Users\JONATHAN\.m2\repository\org\springframework\spring-web\6.2.3\spring-web-6.2.3.jar;C:\Users\JONATHAN\.m2\repository\org\springframework\spring-webmvc\6.2.3\spring-webmvc-6.2.3.jar;C:\Users\JONATHAN\.m2\repository\org\springframework\boot\spring-boot-starter-websocket\3.4.3\spring-boot-starter-websocket-3.4.3.jar;C:\Users\JONATHAN\.m2\repository\org\springframework\spring-messaging\6.2.3\spring-messaging-6.2.3.jar;C:\Users\JONATHAN\.m2\repository\org\springframework\spring-websocket\6.2.3\spring-websocket-6.2.3.jar;C:\Users\JONATHAN\.m2\repository\org\projectlombok\lombok\1.18.36\lombok-1.18.36.jar;C:\Users\JONATHAN\.m2\repository\org\springframework\boot\spring-boot-starter-test\3.4.3\spring-boot-starter-test-3.4.3.jar;C:\Users\JONATHAN\.m2\repository\org\springframework\boot\spring-boot-test\3.4.3\spring-boot-test-3.4.3.jar;C:\Users\JONATHAN\.m2\repository\org\springframework\boot\spring-boot-test-autoconfigure\3.4.3\spring-boot-test-autoconfigure-3.4.3.jar;C:\Users\JONATHAN\.m2\repository\com\jayway\jsonpath\json-path\2.9.0\json-path-2.9.0.jar;C:\Users\JONATHAN\.m2\repository\jakarta\xml\bind\jakarta.xml.bind-api\4.0.2\jakarta.xml.bind-api-4.0.2.jar;C:\Users\JONATHAN\.m2\repository\jakarta\activation\jakarta.activation-api\2.1.3\jakarta.activation-api-2.1.3.jar;C:\Users\JONATHAN\.m2\repository\net\minidev\json-smart\2.5.2\json-smart-2.5.2.jar;C:\Users\JONATHAN\.m2\repository\net\minidev\accessors-smart\2.5.2\accessors-smart-2.5.2.jar;C:\Users\JONATHAN\.m2\repository\org\ow2\asm\asm\9.7.1\asm-9.7.1.jar;C:\Users\JONATHAN\.m2\repository\org\assertj\assertj-core\3.26.3\assertj-core-3.26.3.jar;C:\Users\JONATHAN\.m2\repository\net\bytebuddy\byte-buddy\1.15.11\byte-buddy-1.15.11.jar;C:\Users\JONATHAN\.m2\repository\org\awaitility\awaitility\4.2.2\awaitility-4.2.2.jar;C:\Users\JONATHAN\.m2\repository\org\hamcrest\hamcrest\2.2\hamcrest-2.2.jar;C:\Users\JONATHAN\.m2\repository\org\junit\jupiter\junit-jupiter\5.11.4\junit-jupiter-5.11.4.jar;C:\Users\JONATHAN\.m2\repository\org\junit\jupiter\junit-jupiter-api\5.11.4\junit-jupiter-api-5.11.4.jar;C:\Users\JONATHAN\.m2\repository\org\opentest4j\opentest4j\1.3.0\opentest4j-1.3.0.jar;C:\Users\JONATHAN\.m2\repository\org\junit\platform\junit-platform-commons\1.11.4\junit-platform-commons-1.11.4.jar;C:\Users\JONATHAN\.m2\repository\org\apiguardian\apiguardian-api\1.1.2\apiguardian-api-1.1.2.jar;C:\Users\JONATHAN\.m2\repository\org\junit\jupiter\junit-jupiter-params\5.11.4\junit-jupiter-params-5.11.4.jar;C:\Users\JONATHAN\.m2\repository\org\junit\jupiter\junit-jupiter-engine\5.11.4\junit-jupiter-engine-5.11.4.jar;C:\Users\JONATHAN\.m2\repository\org\junit\platform\junit-platform-engine\1.11.4\junit-platform-engine-1.11.4.jar;C:\Users\JONATHAN\.m2\repository\org\mockito\mockito-core\5.14.2\mockito-core-5.14.2.jar;C:\Users\JONATHAN\.m2\repository\net\bytebuddy\byte-buddy-agent\1.15.11\byte-buddy-agent-1.15.11.jar;C:\Users\JONATHAN\.m2\repository\org\objenesis\objenesis\3.3\objenesis-3.3.jar;C:\Users\JONATHAN\.m2\repository\org\mockito\mockito-junit-jupiter\5.14.2\mockito-junit-jupiter-5.14.2.jar;C:\Users\JONATHAN\.m2\repository\org\skyscreamer\jsonassert\1.5.3\jsonassert-1.5.3.jar;C:\Users\JONATHAN\.m2\repository\com\vaadin\external\google\android-json\0.0.20131108.vaadin1\android-json-0.0.20131108.vaadin1.jar;C:\Users\JONATHAN\.m2\repository\org\springframework\spring-core\6.2.3\spring-core-6.2.3.jar;C:\Users\JONATHAN\.m2\repository\org\springframework\spring-jcl\6.2.3\spring-jcl-6.2.3.jar;C:\Users\JONATHAN\.m2\repository\org\springframework\spring-test\6.2.3\spring-test-6.2.3.jar;C:\Users\JONATHAN\.m2\repository\org\xmlunit\xmlunit-core\2.10.0\xmlunit-core-2.10.0.jar;C:\Users\JONATHAN\.m2\repository\org\postgresql\postgresql\42.7.5\postgresql-42.7.5.jar;C:\Users\JONATHAN\.m2\repository\org\checkerframework\checker-qual\3.48.3\checker-qual-3.48.3.jar;C:\Users\JONATHAN\.m2\repository\org\springframework\boot\spring-boot-starter-data-jpa\3.4.3\spring-boot-starter-data-jpa-3.4.3.jar;C:\Users\JONATHAN\.m2\repository\org\springframework\boot\spring-boot-starter-jdbc\3.4.3\spring-boot-starter-jdbc-3.4.3.jar;C:\Users\JONATHAN\.m2\repository\com\zaxxer\HikariCP\5.1.0\HikariCP-5.1.0.jar;C:\Users\JONATHAN\.m2\repository\org\springframework\spring-jdbc\6.2.3\spring-jdbc-6.2.3.jar;C:\Users\JONATHAN\.m2\repository\org\hibernate\orm\hibernate-core\6.6.8.Final\hibernate-core-6.6.8.Final.jar;C:\Users\JONATHAN\.m2\repository\jakarta\persistence\jakarta.persistence-api\3.1.0\jakarta.persistence-api-3.1.0.jar;C:\Users\JONATHAN\.m2\repository\jakarta\transaction\jakarta.transaction-api\2.0.1\jakarta.transaction-api-2.0.1.jar;C:\Users\JONATHAN\.m2\repository\org\jboss\logging\jboss-logging\3.6.1.Final\jboss-logging-3.6.1.Final.jar;C:\Users\JONATHAN\.m2\repository\org\hibernate\common\hibernate-commons-annotations\7.0.3.Final\hibernate-commons-annotations-7.0.3.Final.jar;C:\Users\JONATHAN\.m2\repository\io\smallrye\jandex\3.2.0\jandex-3.2.0.jar;C:\Users\JONATHAN\.m2\repository\com\fasterxml\classmate\1.7.0\classmate-1.7.0.jar;C:\Users\JONATHAN\.m2\repository\org\glassfish\jaxb\jaxb-runtime\4.0.5\jaxb-runtime-4.0.5.jar;C:\Users\JONATHAN\.m2\repository\org\glassfish\jaxb\jaxb-core\4.0.5\jaxb-core-4.0.5.jar;C:\Users\JONATHAN\.m2\repository\org\glassfish\jaxb\txw2\4.0.5\txw2-4.0.5.jar;C:\Users\JONATHAN\.m2\repository\com\sun\istack\istack-commons-runtime\4.1.2\istack-commons-runtime-4.1.2.jar;C:\Users\JONATHAN\.m2\repository\jakarta\inject\jakarta.inject-api\2.0.1\jakarta.inject-api-2.0.1.jar;C:\Users\JONATHAN\.m2\repository\org\antlr\antlr4-runtime\4.13.0\antlr4-runtime-4.13.0.jar;C:\Users\JONATHAN\.m2\repository\org\springframework\data\spring-data-jpa\3.4.3\spring-data-jpa-3.4.3.jar;C:\Users\JONATHAN\.m2\repository\org\springframework\data\spring-data-commons\3.4.3\spring-data-commons-3.4.3.jar;C:\Users\JONATHAN\.m2\repository\org\springframework\spring-orm\6.2.3\spring-orm-6.2.3.jar;C:\Users\JONATHAN\.m2\repository\org\springframework\spring-tx\6.2.3\spring-tx-6.2.3.jar;C:\Users\JONATHAN\.m2\repository\org\springframework\spring-aspects\6.2.3\spring-aspects-6.2.3.jar;C:\Users\JONATHAN\.m2\repository\org\aspectj\aspectjweaver\1.9.22.1\aspectjweaver-1.9.22.1.jar;C:\Users\JONATHAN\.m2\repository\org\springframework\boot\spring-boot-starter-validation\3.4.3\spring-boot-starter-validation-3.4.3.jar;C:\Users\JONATHAN\.m2\repository\org\apache\tomcat\embed\tomcat-embed-el\10.1.36\tomcat-embed-el-10.1.36.jar;C:\Users\JONATHAN\.m2\repository\org\hibernate\validator\hibernate-validator\8.0.2.Final\hibernate-validator-8.0.2.Final.jar;C:\Users\JONATHAN\.m2\repository\jakarta\validation\jakarta.validation-api\3.0.2\jakarta.validation-api-3.0.2.jar;C:\Users\JONATHAN\.m2\repository\org\springframework\boot\spring-boot-starter-reactor-netty\3.4.3\spring-boot-starter-reactor-netty-3.4.3.jar;C:\Users\JONATHAN\.m2\repository\io\projectreactor\netty\reactor-netty-http\1.2.3\reactor-netty-http-1.2.3.jar;C:\Users\JONATHAN\.m2\repository\io\netty\netty-codec-http\4.1.118.Final\netty-codec-http-4.1.118.Final.jar;C:\Users\JONATHAN\.m2\repository\io\netty\netty-common\4.1.118.Final\netty-common-4.1.118.Final.jar;C:\Users\JONATHAN\.m2\repository\io\netty\netty-buffer\4.1.118.Final\netty-buffer-4.1.118.Final.jar;C:\Users\JONATHAN\.m2\repository\io\netty\netty-transport\4.1.118.Final\netty-transport-4.1.118.Final.jar;C:\Users\JONATHAN\.m2\repository\io\netty\netty-codec\4.1.118.Final\netty-codec-4.1.118.Final.jar;C:\Users\JONATHAN\.m2\repository\io\netty\netty-handler\4.1.118.Final\netty-handler-4.1.118.Final.jar;C:\Users\JONATHAN\.m2\repository\io\netty\netty-codec-http2\4.1.118.Final\netty-codec-http2-4.1.118.Final.jar;C:\Users\JONATHAN\.m2\repository\io\netty\netty-resolver-dns\4.1.118.Final\netty-resolver-dns-4.1.118.Final.jar;C:\Users\JONATHAN\.m2\repository\io\netty\netty-resolver\4.1.118.Final\netty-resolver-4.1.118.Final.jar;C:\Users\JONATHAN\.m2\repository\io\netty\netty-codec-dns\4.1.118.Final\netty-codec-dns-4.1.118.Final.jar;C:\Users\JONATHAN\.m2\repository\io\netty\netty-resolver-dns-native-macos\4.1.118.Final\netty-resolver-dns-native-macos-4.1.118.Final-osx-x86_64.jar;C:\Users\JONATHAN\.m2\repository\io\netty\netty-resolver-dns-classes-macos\4.1.118.Final\netty-resolver-dns-classes-macos-4.1.118.Final.jar;C:\Users\JONATHAN\.m2\repository\io\netty\netty-transport-native-epoll\4.1.118.Final\netty-transport-native-epoll-4.1.118.Final-linux-x86_64.jar;C:\Users\JONATHAN\.m2\repository\io\netty\netty-transport-native-unix-common\4.1.118.Final\netty-transport-native-unix-common-4.1.118.Final.jar;C:\Users\JONATHAN\.m2\repository\io\netty\netty-transport-classes-epoll\4.1.118.Final\netty-transport-classes-epoll-4.1.118.Final.jar;C:\Users\JONATHAN\.m2\repository\io\projectreactor\netty\reactor-netty-core\1.2.3\reactor-netty-core-1.2.3.jar;C:\Users\JONATHAN\.m2\repository\io\netty\netty-handler-proxy\4.1.118.Final\netty-handler-proxy-4.1.118.Final.jar;C:\Users\JONATHAN\.m2\repository\io\netty\netty-codec-socks\4.1.118.Final\netty-codec-socks-4.1.118.Final.jar;C:\Users\JONATHAN\.m2\repository\io\projectreactor\reactor-core\3.7.3\reactor-core-3.7.3.jar;C:\Users\JONATHAN\.m2\repository\org\reactivestreams\reactive-streams\1.0.4\reactive-streams-1.0.4.jar;C:\Users\JONATHAN\.m2\repository\org\springframework\boot\spring-boot-starter-security\3.4.3\spring-boot-starter-security-3.4.3.jar;C:\Users\JONATHAN\.m2\repository\org\springframework\spring-aop\6.2.3\spring-aop-6.2.3.jar;C:\Users\JONATHAN\.m2\repository\org\springframework\security\spring-security-web\6.4.3\spring-security-web-6.4.3.jar;C:\Users\JONATHAN\.m2\repository\io\jsonwebtoken\jjwt-api\0.11.5\jjwt-api-0.11.5.jar;C:\Users\JONATHAN\.m2\repository\io\jsonwebtoken\jjwt-impl\0.11.5\jjwt-impl-0.11.5.jar;C:\Users\JONATHAN\.m2\repository\io\jsonwebtoken\jjwt-jackson\0.11.5\jjwt-jackson-0.11.5.jar;C:\Users\JONATHAN\.m2\repository\com\fasterxml\jackson\core\jackson-databind\2.18.2\jackson-databind-2.18.2.jar;C:\Users\JONATHAN\.m2\repository\com\fasterxml\jackson\core\jackson-annotations\2.18.2\jackson-annotations-2.18.2.jar;C:\Users\JONATHAN\.m2\repository\com\fasterxml\jackson\core\jackson-core\2.18.2\jackson-core-2.18.2.jar;C:\Users\JONATHAN\.m2\repository\org\webjars\sockjs-client\1.5.1\sockjs-client-1.5.1.jar;C:\Users\JONATHAN\.m2\repository\org\webjars\stomp-websocket\2.3.4\stomp-websocket-2.3.4.jar;C:\Users\JONATHAN\.m2\repository\org\springframework\boot\spring-boot-starter-cache\3.4.3\spring-boot-starter-cache-3.4.3.jar;C:\Users\JONATHAN\.m2\repository\org\springframework\spring-context-support\6.2.3\spring-context-support-6.2.3.jar;C:\Users\JONATHAN\.m2\repository\org\springframework\boot\spring-boot-starter-mail\3.4.3\spring-boot-starter-mail-3.4.3.jar;C:\Users\JONATHAN\.m2\repository\org\eclipse\angus\jakarta.mail\2.0.3\jakarta.mail-2.0.3.jar;C:\Users\JONATHAN\.m2\repository\org\eclipse\angus\angus-activation\2.0.2\angus-activation-2.0.2.jar;C:\Users\JONATHAN\.m2\repository\org\springframework\security\spring-security-core\6.4.3\spring-security-core-6.4.3.jar;C:\Users\JONATHAN\.m2\repository\org\springframework\security\spring-security-crypto\6.4.3\spring-security-crypto-6.4.3.jar;C:\Users\JONATHAN\.m2\repository\org\springframework\spring-beans\6.2.3\spring-beans-6.2.3.jar;C:\Users\JONATHAN\.m2\repository\org\springframework\spring-context\6.2.3\spring-context-6.2.3.jar;C:\Users\JONATHAN\.m2\repository\org\springframework\spring-expression\6.2.3\spring-expression-6.2.3.jar;C:\Users\JONATHAN\.m2\repository\io\micrometer\micrometer-observation\1.14.4\micrometer-observation-1.14.4.jar;C:\Users\JONATHAN\.m2\repository\io\micrometer\micrometer-commons\1.14.4\micrometer-commons-1.14.4.jar;C:\Users\JONATHAN\.m2\repository\org\springframework\security\spring-security-messaging\6.4.3\spring-security-messaging-6.4.3.jar;C:\Users\JONATHAN\.m2\repository\org\springframework\security\spring-security-config\6.4.3\spring-security-config-6.4.3.jar;C:\Users\JONATHAN\.m2\repository\org\slf4j\slf4j-api\2.0.16\slf4j-api-2.0.16.jar;C:\Users\JONATHAN\.m2\repository\ch\qos\logback\logback-classic\1.5.16\logback-classic-1.5.16.jar;C:\Users\JONATHAN\.m2\repository\ch\qos\logback\logback-core\1.5.16\logback-core-1.5.16.jar;"/>
    <property name="java.vm.vendor" value="Oracle Corporation"/>
    <property name="sun.arch.data.model" value="64"/>
    <property name="user.variant" value=""/>
    <property name="java.vendor.url" value="https://java.oracle.com/"/>
    <property name="user.timezone" value="Africa/Kampala"/>
    <property name="org.jboss.logging.provider" value="slf4j"/>
    <property name="user.country.format" value="UG"/>
    <property name="os.name" value="Windows 10"/>
    <property name="java.vm.specification.version" value="17"/>
    <property name="APPLICATION_NAME" value="ChatApp"/>
    <property name="sun.java.launcher" value="SUN_STANDARD"/>
    <property name="user.country" value="US"/>
    <property name="sun.boot.library.path" value="C:\Program Files\Java\jdk-17\bin"/>
    <property name="sun.java.command" value="C:\Users\JONATHAN\AppData\Local\Temp\surefire15851669276934487248\surefirebooter-20250515110750256_3.jar C:\Users\JONATHAN\AppData\Local\Temp\surefire15851669276934487248 2025-05-15T11-07-49_446-jvmRun1 surefire-20250515110750256_1tmp surefire_0-20250515110750256_2tmp"/>
    <property name="jdk.debug" value="release"/>
    <property name="surefire.test.class.path" value="D:\mine\Spring Projects\ChatApp\target\test-classes;D:\mine\Spring Projects\ChatApp\target\classes;C:\Users\JONATHAN\.m2\repository\org\springframework\boot\spring-boot-starter-web\3.4.3\spring-boot-starter-web-3.4.3.jar;C:\Users\JONATHAN\.m2\repository\org\springframework\boot\spring-boot-starter\3.4.3\spring-boot-starter-3.4.3.jar;C:\Users\JONATHAN\.m2\repository\org\springframework\boot\spring-boot\3.4.3\spring-boot-3.4.3.jar;C:\Users\JONATHAN\.m2\repository\org\springframework\boot\spring-boot-autoconfigure\3.4.3\spring-boot-autoconfigure-3.4.3.jar;C:\Users\JONATHAN\.m2\repository\org\springframework\boot\spring-boot-starter-logging\3.4.3\spring-boot-starter-logging-3.4.3.jar;C:\Users\JONATHAN\.m2\repository\org\apache\logging\log4j\log4j-to-slf4j\2.24.3\log4j-to-slf4j-2.24.3.jar;C:\Users\JONATHAN\.m2\repository\org\apache\logging\log4j\log4j-api\2.24.3\log4j-api-2.24.3.jar;C:\Users\JONATHAN\.m2\repository\org\slf4j\jul-to-slf4j\2.0.16\jul-to-slf4j-2.0.16.jar;C:\Users\JONATHAN\.m2\repository\jakarta\annotation\jakarta.annotation-api\2.1.1\jakarta.annotation-api-2.1.1.jar;C:\Users\JONATHAN\.m2\repository\org\yaml\snakeyaml\2.3\snakeyaml-2.3.jar;C:\Users\JONATHAN\.m2\repository\org\springframework\boot\spring-boot-starter-json\3.4.3\spring-boot-starter-json-3.4.3.jar;C:\Users\JONATHAN\.m2\repository\com\fasterxml\jackson\datatype\jackson-datatype-jdk8\2.18.2\jackson-datatype-jdk8-2.18.2.jar;C:\Users\JONATHAN\.m2\repository\com\fasterxml\jackson\datatype\jackson-datatype-jsr310\2.18.2\jackson-datatype-jsr310-2.18.2.jar;C:\Users\JONATHAN\.m2\repository\com\fasterxml\jackson\module\jackson-module-parameter-names\2.18.2\jackson-module-parameter-names-2.18.2.jar;C:\Users\JONATHAN\.m2\repository\org\springframework\boot\spring-boot-starter-tomcat\3.4.3\spring-boot-starter-tomcat-3.4.3.jar;C:\Users\JONATHAN\.m2\repository\org\apache\tomcat\embed\tomcat-embed-core\10.1.36\tomcat-embed-core-10.1.36.jar;C:\Users\JONATHAN\.m2\repository\org\apache\tomcat\embed\tomcat-embed-websocket\10.1.36\tomcat-embed-websocket-10.1.36.jar;C:\Users\JONATHAN\.m2\repository\org\springframework\spring-web\6.2.3\spring-web-6.2.3.jar;C:\Users\JONATHAN\.m2\repository\org\springframework\spring-webmvc\6.2.3\spring-webmvc-6.2.3.jar;C:\Users\JONATHAN\.m2\repository\org\springframework\boot\spring-boot-starter-websocket\3.4.3\spring-boot-starter-websocket-3.4.3.jar;C:\Users\JONATHAN\.m2\repository\org\springframework\spring-messaging\6.2.3\spring-messaging-6.2.3.jar;C:\Users\JONATHAN\.m2\repository\org\springframework\spring-websocket\6.2.3\spring-websocket-6.2.3.jar;C:\Users\JONATHAN\.m2\repository\org\projectlombok\lombok\1.18.36\lombok-1.18.36.jar;C:\Users\JONATHAN\.m2\repository\org\springframework\boot\spring-boot-starter-test\3.4.3\spring-boot-starter-test-3.4.3.jar;C:\Users\JONATHAN\.m2\repository\org\springframework\boot\spring-boot-test\3.4.3\spring-boot-test-3.4.3.jar;C:\Users\JONATHAN\.m2\repository\org\springframework\boot\spring-boot-test-autoconfigure\3.4.3\spring-boot-test-autoconfigure-3.4.3.jar;C:\Users\JONATHAN\.m2\repository\com\jayway\jsonpath\json-path\2.9.0\json-path-2.9.0.jar;C:\Users\JONATHAN\.m2\repository\jakarta\xml\bind\jakarta.xml.bind-api\4.0.2\jakarta.xml.bind-api-4.0.2.jar;C:\Users\JONATHAN\.m2\repository\jakarta\activation\jakarta.activation-api\2.1.3\jakarta.activation-api-2.1.3.jar;C:\Users\JONATHAN\.m2\repository\net\minidev\json-smart\2.5.2\json-smart-2.5.2.jar;C:\Users\JONATHAN\.m2\repository\net\minidev\accessors-smart\2.5.2\accessors-smart-2.5.2.jar;C:\Users\JONATHAN\.m2\repository\org\ow2\asm\asm\9.7.1\asm-9.7.1.jar;C:\Users\JONATHAN\.m2\repository\org\assertj\assertj-core\3.26.3\assertj-core-3.26.3.jar;C:\Users\JONATHAN\.m2\repository\net\bytebuddy\byte-buddy\1.15.11\byte-buddy-1.15.11.jar;C:\Users\JONATHAN\.m2\repository\org\awaitility\awaitility\4.2.2\awaitility-4.2.2.jar;C:\Users\JONATHAN\.m2\repository\org\hamcrest\hamcrest\2.2\hamcrest-2.2.jar;C:\Users\JONATHAN\.m2\repository\org\junit\jupiter\junit-jupiter\5.11.4\junit-jupiter-5.11.4.jar;C:\Users\JONATHAN\.m2\repository\org\junit\jupiter\junit-jupiter-api\5.11.4\junit-jupiter-api-5.11.4.jar;C:\Users\JONATHAN\.m2\repository\org\opentest4j\opentest4j\1.3.0\opentest4j-1.3.0.jar;C:\Users\JONATHAN\.m2\repository\org\junit\platform\junit-platform-commons\1.11.4\junit-platform-commons-1.11.4.jar;C:\Users\JONATHAN\.m2\repository\org\apiguardian\apiguardian-api\1.1.2\apiguardian-api-1.1.2.jar;C:\Users\JONATHAN\.m2\repository\org\junit\jupiter\junit-jupiter-params\5.11.4\junit-jupiter-params-5.11.4.jar;C:\Users\JONATHAN\.m2\repository\org\junit\jupiter\junit-jupiter-engine\5.11.4\junit-jupiter-engine-5.11.4.jar;C:\Users\JONATHAN\.m2\repository\org\junit\platform\junit-platform-engine\1.11.4\junit-platform-engine-1.11.4.jar;C:\Users\JONATHAN\.m2\repository\org\mockito\mockito-core\5.14.2\mockito-core-5.14.2.jar;C:\Users\JONATHAN\.m2\repository\net\bytebuddy\byte-buddy-agent\1.15.11\byte-buddy-agent-1.15.11.jar;C:\Users\JONATHAN\.m2\repository\org\objenesis\objenesis\3.3\objenesis-3.3.jar;C:\Users\JONATHAN\.m2\repository\org\mockito\mockito-junit-jupiter\5.14.2\mockito-junit-jupiter-5.14.2.jar;C:\Users\JONATHAN\.m2\repository\org\skyscreamer\jsonassert\1.5.3\jsonassert-1.5.3.jar;C:\Users\JONATHAN\.m2\repository\com\vaadin\external\google\android-json\0.0.20131108.vaadin1\android-json-0.0.20131108.vaadin1.jar;C:\Users\JONATHAN\.m2\repository\org\springframework\spring-core\6.2.3\spring-core-6.2.3.jar;C:\Users\JONATHAN\.m2\repository\org\springframework\spring-jcl\6.2.3\spring-jcl-6.2.3.jar;C:\Users\JONATHAN\.m2\repository\org\springframework\spring-test\6.2.3\spring-test-6.2.3.jar;C:\Users\JONATHAN\.m2\repository\org\xmlunit\xmlunit-core\2.10.0\xmlunit-core-2.10.0.jar;C:\Users\JONATHAN\.m2\repository\org\postgresql\postgresql\42.7.5\postgresql-42.7.5.jar;C:\Users\JONATHAN\.m2\repository\org\checkerframework\checker-qual\3.48.3\checker-qual-3.48.3.jar;C:\Users\JONATHAN\.m2\repository\org\springframework\boot\spring-boot-starter-data-jpa\3.4.3\spring-boot-starter-data-jpa-3.4.3.jar;C:\Users\JONATHAN\.m2\repository\org\springframework\boot\spring-boot-starter-jdbc\3.4.3\spring-boot-starter-jdbc-3.4.3.jar;C:\Users\JONATHAN\.m2\repository\com\zaxxer\HikariCP\5.1.0\HikariCP-5.1.0.jar;C:\Users\JONATHAN\.m2\repository\org\springframework\spring-jdbc\6.2.3\spring-jdbc-6.2.3.jar;C:\Users\JONATHAN\.m2\repository\org\hibernate\orm\hibernate-core\6.6.8.Final\hibernate-core-6.6.8.Final.jar;C:\Users\JONATHAN\.m2\repository\jakarta\persistence\jakarta.persistence-api\3.1.0\jakarta.persistence-api-3.1.0.jar;C:\Users\JONATHAN\.m2\repository\jakarta\transaction\jakarta.transaction-api\2.0.1\jakarta.transaction-api-2.0.1.jar;C:\Users\JONATHAN\.m2\repository\org\jboss\logging\jboss-logging\3.6.1.Final\jboss-logging-3.6.1.Final.jar;C:\Users\JONATHAN\.m2\repository\org\hibernate\common\hibernate-commons-annotations\7.0.3.Final\hibernate-commons-annotations-7.0.3.Final.jar;C:\Users\JONATHAN\.m2\repository\io\smallrye\jandex\3.2.0\jandex-3.2.0.jar;C:\Users\JONATHAN\.m2\repository\com\fasterxml\classmate\1.7.0\classmate-1.7.0.jar;C:\Users\JONATHAN\.m2\repository\org\glassfish\jaxb\jaxb-runtime\4.0.5\jaxb-runtime-4.0.5.jar;C:\Users\JONATHAN\.m2\repository\org\glassfish\jaxb\jaxb-core\4.0.5\jaxb-core-4.0.5.jar;C:\Users\JONATHAN\.m2\repository\org\glassfish\jaxb\txw2\4.0.5\txw2-4.0.5.jar;C:\Users\JONATHAN\.m2\repository\com\sun\istack\istack-commons-runtime\4.1.2\istack-commons-runtime-4.1.2.jar;C:\Users\JONATHAN\.m2\repository\jakarta\inject\jakarta.inject-api\2.0.1\jakarta.inject-api-2.0.1.jar;C:\Users\JONATHAN\.m2\repository\org\antlr\antlr4-runtime\4.13.0\antlr4-runtime-4.13.0.jar;C:\Users\JONATHAN\.m2\repository\org\springframework\data\spring-data-jpa\3.4.3\spring-data-jpa-3.4.3.jar;C:\Users\JONATHAN\.m2\repository\org\springframework\data\spring-data-commons\3.4.3\spring-data-commons-3.4.3.jar;C:\Users\JONATHAN\.m2\repository\org\springframework\spring-orm\6.2.3\spring-orm-6.2.3.jar;C:\Users\JONATHAN\.m2\repository\org\springframework\spring-tx\6.2.3\spring-tx-6.2.3.jar;C:\Users\JONATHAN\.m2\repository\org\springframework\spring-aspects\6.2.3\spring-aspects-6.2.3.jar;C:\Users\JONATHAN\.m2\repository\org\aspectj\aspectjweaver\1.9.22.1\aspectjweaver-1.9.22.1.jar;C:\Users\JONATHAN\.m2\repository\org\springframework\boot\spring-boot-starter-validation\3.4.3\spring-boot-starter-validation-3.4.3.jar;C:\Users\JONATHAN\.m2\repository\org\apache\tomcat\embed\tomcat-embed-el\10.1.36\tomcat-embed-el-10.1.36.jar;C:\Users\JONATHAN\.m2\repository\org\hibernate\validator\hibernate-validator\8.0.2.Final\hibernate-validator-8.0.2.Final.jar;C:\Users\JONATHAN\.m2\repository\jakarta\validation\jakarta.validation-api\3.0.2\jakarta.validation-api-3.0.2.jar;C:\Users\JONATHAN\.m2\repository\org\springframework\boot\spring-boot-starter-reactor-netty\3.4.3\spring-boot-starter-reactor-netty-3.4.3.jar;C:\Users\JONATHAN\.m2\repository\io\projectreactor\netty\reactor-netty-http\1.2.3\reactor-netty-http-1.2.3.jar;C:\Users\JONATHAN\.m2\repository\io\netty\netty-codec-http\4.1.118.Final\netty-codec-http-4.1.118.Final.jar;C:\Users\JONATHAN\.m2\repository\io\netty\netty-common\4.1.118.Final\netty-common-4.1.118.Final.jar;C:\Users\JONATHAN\.m2\repository\io\netty\netty-buffer\4.1.118.Final\netty-buffer-4.1.118.Final.jar;C:\Users\JONATHAN\.m2\repository\io\netty\netty-transport\4.1.118.Final\netty-transport-4.1.118.Final.jar;C:\Users\JONATHAN\.m2\repository\io\netty\netty-codec\4.1.118.Final\netty-codec-4.1.118.Final.jar;C:\Users\JONATHAN\.m2\repository\io\netty\netty-handler\4.1.118.Final\netty-handler-4.1.118.Final.jar;C:\Users\JONATHAN\.m2\repository\io\netty\netty-codec-http2\4.1.118.Final\netty-codec-http2-4.1.118.Final.jar;C:\Users\JONATHAN\.m2\repository\io\netty\netty-resolver-dns\4.1.118.Final\netty-resolver-dns-4.1.118.Final.jar;C:\Users\JONATHAN\.m2\repository\io\netty\netty-resolver\4.1.118.Final\netty-resolver-4.1.118.Final.jar;C:\Users\JONATHAN\.m2\repository\io\netty\netty-codec-dns\4.1.118.Final\netty-codec-dns-4.1.118.Final.jar;C:\Users\JONATHAN\.m2\repository\io\netty\netty-resolver-dns-native-macos\4.1.118.Final\netty-resolver-dns-native-macos-4.1.118.Final-osx-x86_64.jar;C:\Users\JONATHAN\.m2\repository\io\netty\netty-resolver-dns-classes-macos\4.1.118.Final\netty-resolver-dns-classes-macos-4.1.118.Final.jar;C:\Users\JONATHAN\.m2\repository\io\netty\netty-transport-native-epoll\4.1.118.Final\netty-transport-native-epoll-4.1.118.Final-linux-x86_64.jar;C:\Users\JONATHAN\.m2\repository\io\netty\netty-transport-native-unix-common\4.1.118.Final\netty-transport-native-unix-common-4.1.118.Final.jar;C:\Users\JONATHAN\.m2\repository\io\netty\netty-transport-classes-epoll\4.1.118.Final\netty-transport-classes-epoll-4.1.118.Final.jar;C:\Users\JONATHAN\.m2\repository\io\projectreactor\netty\reactor-netty-core\1.2.3\reactor-netty-core-1.2.3.jar;C:\Users\JONATHAN\.m2\repository\io\netty\netty-handler-proxy\4.1.118.Final\netty-handler-proxy-4.1.118.Final.jar;C:\Users\JONATHAN\.m2\repository\io\netty\netty-codec-socks\4.1.118.Final\netty-codec-socks-4.1.118.Final.jar;C:\Users\JONATHAN\.m2\repository\io\projectreactor\reactor-core\3.7.3\reactor-core-3.7.3.jar;C:\Users\JONATHAN\.m2\repository\org\reactivestreams\reactive-streams\1.0.4\reactive-streams-1.0.4.jar;C:\Users\JONATHAN\.m2\repository\org\springframework\boot\spring-boot-starter-security\3.4.3\spring-boot-starter-security-3.4.3.jar;C:\Users\JONATHAN\.m2\repository\org\springframework\spring-aop\6.2.3\spring-aop-6.2.3.jar;C:\Users\JONATHAN\.m2\repository\org\springframework\security\spring-security-web\6.4.3\spring-security-web-6.4.3.jar;C:\Users\JONATHAN\.m2\repository\io\jsonwebtoken\jjwt-api\0.11.5\jjwt-api-0.11.5.jar;C:\Users\JONATHAN\.m2\repository\io\jsonwebtoken\jjwt-impl\0.11.5\jjwt-impl-0.11.5.jar;C:\Users\JONATHAN\.m2\repository\io\jsonwebtoken\jjwt-jackson\0.11.5\jjwt-jackson-0.11.5.jar;C:\Users\JONATHAN\.m2\repository\com\fasterxml\jackson\core\jackson-databind\2.18.2\jackson-databind-2.18.2.jar;C:\Users\JONATHAN\.m2\repository\com\fasterxml\jackson\core\jackson-annotations\2.18.2\jackson-annotations-2.18.2.jar;C:\Users\JONATHAN\.m2\repository\com\fasterxml\jackson\core\jackson-core\2.18.2\jackson-core-2.18.2.jar;C:\Users\JONATHAN\.m2\repository\org\webjars\sockjs-client\1.5.1\sockjs-client-1.5.1.jar;C:\Users\JONATHAN\.m2\repository\org\webjars\stomp-websocket\2.3.4\stomp-websocket-2.3.4.jar;C:\Users\JONATHAN\.m2\repository\org\springframework\boot\spring-boot-starter-cache\3.4.3\spring-boot-starter-cache-3.4.3.jar;C:\Users\JONATHAN\.m2\repository\org\springframework\spring-context-support\6.2.3\spring-context-support-6.2.3.jar;C:\Users\JONATHAN\.m2\repository\org\springframework\boot\spring-boot-starter-mail\3.4.3\spring-boot-starter-mail-3.4.3.jar;C:\Users\JONATHAN\.m2\repository\org\eclipse\angus\jakarta.mail\2.0.3\jakarta.mail-2.0.3.jar;C:\Users\JONATHAN\.m2\repository\org\eclipse\angus\angus-activation\2.0.2\angus-activation-2.0.2.jar;C:\Users\JONATHAN\.m2\repository\org\springframework\security\spring-security-core\6.4.3\spring-security-core-6.4.3.jar;C:\Users\JONATHAN\.m2\repository\org\springframework\security\spring-security-crypto\6.4.3\spring-security-crypto-6.4.3.jar;C:\Users\JONATHAN\.m2\repository\org\springframework\spring-beans\6.2.3\spring-beans-6.2.3.jar;C:\Users\JONATHAN\.m2\repository\org\springframework\spring-context\6.2.3\spring-context-6.2.3.jar;C:\Users\JONATHAN\.m2\repository\org\springframework\spring-expression\6.2.3\spring-expression-6.2.3.jar;C:\Users\JONATHAN\.m2\repository\io\micrometer\micrometer-observation\1.14.4\micrometer-observation-1.14.4.jar;C:\Users\JONATHAN\.m2\repository\io\micrometer\micrometer-commons\1.14.4\micrometer-commons-1.14.4.jar;C:\Users\JONATHAN\.m2\repository\org\springframework\security\spring-security-messaging\6.4.3\spring-security-messaging-6.4.3.jar;C:\Users\JONATHAN\.m2\repository\org\springframework\security\spring-security-config\6.4.3\spring-security-config-6.4.3.jar;C:\Users\JONATHAN\.m2\repository\org\slf4j\slf4j-api\2.0.16\slf4j-api-2.0.16.jar;C:\Users\JONATHAN\.m2\repository\ch\qos\logback\logback-classic\1.5.16\logback-classic-1.5.16.jar;C:\Users\JONATHAN\.m2\repository\ch\qos\logback\logback-core\1.5.16\logback-core-1.5.16.jar;"/>
    <property name="sun.cpu.endian" value="little"/>
    <property name="user.home" value="C:\Users\JONATHAN"/>
    <property name="user.language" value="en"/>
    <property name="java.specification.vendor" value="Oracle Corporation"/>
    <property name="java.version.date" value="2024-07-16"/>
    <property name="java.home" value="C:\Program Files\Java\jdk-17"/>
    <property name="file.separator" value="\"/>
    <property name="style.color" value="always"/>
    <property name="basedir" value="D:\mine\Spring Projects\ChatApp"/>
    <property name="java.vm.compressedOopsMode" value="32-bit"/>
    <property name="line.separator" value="&#10;"/>
    <property name="java.vm.specification.vendor" value="Oracle Corporation"/>
    <property name="java.specification.name" value="Java Platform API Specification"/>
    <property name="FILE_LOG_CHARSET" value="windows-1252"/>
    <property name="java.awt.headless" value="true"/>
    <property name="surefire.real.class.path" value="C:\Users\JONATHAN\AppData\Local\Temp\surefire15851669276934487248\surefirebooter-20250515110750256_3.jar"/>
    <property name="user.script" value=""/>
    <property name="sun.management.compiler" value="HotSpot 64-Bit Tiered Compilers"/>
    <property name="java.runtime.version" value="17.0.12+8-LTS-286"/>
    <property name="user.name" value="JONATHAN"/>
    <property name="path.separator" value=";"/>
    <property name="os.version" value="10.0"/>
    <property name="java.runtime.name" value="Java(TM) SE Runtime Environment"/>
    <property name="file.encoding" value="Cp1252"/>
    <property name="java.vm.name" value="Java HotSpot(TM) 64-Bit Server VM"/>
    <property name="localRepository" value="C:\Users\JONATHAN\.m2\repository"/>
    <property name="java.vendor.url.bug" value="https://bugreport.java.com/bugreport/"/>
    <property name="java.io.tmpdir" value="C:\Users\JONATHAN\AppData\Local\Temp\"/>
    <property name="com.zaxxer.hikari.pool_number" value="1"/>
    <property name="java.version" value="17.0.12"/>
    <property name="user.dir" value="D:\mine\Spring Projects\ChatApp"/>
    <property name="os.arch" value="amd64"/>
    <property name="java.vm.specification.name" value="Java Virtual Machine Specification"/>
    <property name="PID" value="6532"/>
    <property name="sun.os.patch.level" value=""/>
    <property name="CONSOLE_LOG_CHARSET" value="windows-1252"/>
    <property name="native.encoding" value="Cp1252"/>
    <property name="java.library.path" value="C:\Program Files\Java\jdk-17\bin;C:\Windows\Sun\Java\bin;C:\Windows\system32;C:\Windows;C:/Users/JONATHAN/.p2/pool/plugins/org.eclipse.justj.openjdk.hotspot.jre.full.win32.x86_64_22.0.2.v20240802-1626/jre/bin/server;C:/Users/JONATHAN/.p2/pool/plugins/org.eclipse.justj.openjdk.hotspot.jre.full.win32.x86_64_22.0.2.v20240802-1626/jre/bin;C:\Program Files\Common Files\Oracle\Java\javapath;C:\Program Files (x86)\Common Files\Oracle\Java\java8path;C:\Program Files (x86)\Common Files\Oracle\Java\javapath;C:\Program Files\Microsoft MPI\Bin\;C:\Windows\system32;C:\Windows;C:\Windows\System32\Wbem;C:\Windows\System32\WindowsPowerShell\v1.0\;C:\Windows\System32\OpenSSH\;C:\Program Files (x86)\Microsoft SQL Server\160\Tools\Binn\;C:\Program Files\Microsoft SQL Server\160\Tools\Binn\;C:\Program Files\Microsoft SQL Server\Client SDK\ODBC\170\Tools\Binn\;C:\Program Files\Microsoft SQL Server\160\DTS\Binn\;C:\Program Files (x86)\Microsoft SQL Server\160\DTS\Binn\;C:\Program Files\Git\cmd;C:\Program Files\Java\jdk-1.8\bin;C:\Program Files\MySQL\MySQL Server 5.5\bin;C:\Program Files\Git LFS;C:\JDBC\mssql-jdbc_auth\x64;C:\Program Files\Docker\Docker\resources\bin;C:\ProgramData\chocolatey\bin;C:\Program Files\nodejs\;;c:\Users\JONATHAN\AppData\Local\Programs\cursor\resources\app\bin;C:\Users\JONATHAN\AppData\Local\Microsoft\WindowsApps;C:\Users\JONATHAN\AppData\Local\Programs\Microsoft VS Code\bin;C:\Program Files\Azure Data Studio\bin;C:\Users\JONATHAN\AppData\Roaming\npm;C:\Windows\system32;;."/>
    <property name="java.vm.info" value="mixed mode, sharing"/>
    <property name="java.vendor" value="Oracle Corporation"/>
    <property name="java.vm.version" value="17.0.12+8-LTS-286"/>
    <property name="sun.io.unicode.encoding" value="UnicodeLittle"/>
    <property name="java.class.version" value="61.0"/>
    <property name="LOGGED_APPLICATION_NAME" value="[ChatApp] "/>
  </properties>
  <testcase name="contextLoads" classname="app.chat.ChatAppApplicationTests" time="1.754">
    <system-out><![CDATA[11:07:52.401 [main] INFO org.springframework.test.context.support.AnnotationConfigContextLoaderUtils -- Could not detect default configuration classes for test class [app.chat.ChatAppApplicationTests]: ChatAppApplicationTests does not declare any static, non-private, non-final, nested classes annotated with @Configuration.
11:07:52.645 [main] INFO org.springframework.boot.test.context.SpringBootTestContextBootstrapper -- Found @SpringBootConfiguration app.chat.ChatAppApplication for test class app.chat.ChatAppApplicationTests

  .   ____          _            __ _ _
 /\\ / ___'_ __ _ _(_)_ __  __ _ \ \ \ \
( ( )\___ | '_ | '_| | '_ \/ _` | \ \ \ \
 \\/  ___)| |_)| | | | | || (_| |  ) ) ) )
  '  |____| .__|_| |_|_| |_\__, | / / / /
 =========|_|==============|___/=/_/_/_/

 :: Spring Boot ::                (v3.4.3)

2025-05-15T11:07:53.733+03:00  INFO 6532 --- [ChatApp] [           main] app.chat.ChatAppApplicationTests         : Starting ChatAppApplicationTests using Java 17.0.12 with PID 6532 (started by JONATHAN in D:\mine\Spring Projects\ChatApp)
2025-05-15T11:07:53.736+03:00  INFO 6532 --- [ChatApp] [           main] app.chat.ChatAppApplicationTests         : No active profile set, falling back to 1 default profile: "default"
2025-05-15T11:07:53.841+03:00 DEBUG 6532 --- [ChatApp] [           main] o.s.w.c.s.GenericWebApplicationContext   : Refreshing org.springframework.web.context.support.GenericWebApplicationContext@3f3ddbd9
2025-05-15T11:07:55.527+03:00  INFO 6532 --- [ChatApp] [           main] .s.d.r.c.RepositoryConfigurationDelegate : Bootstrapping Spring Data JPA repositories in DEFAULT mode.
2025-05-15T11:07:55.926+03:00  INFO 6532 --- [ChatApp] [           main] .s.d.r.c.RepositoryConfigurationDelegate : Finished Spring Data repository scanning in 371 ms. Found 5 JPA repository interfaces.
2025-05-15T11:07:57.530+03:00  INFO 6532 --- [ChatApp] [           main] o.hibernate.jpa.internal.util.LogHelper  : HHH000204: Processing PersistenceUnitInfo [name: default]
2025-05-15T11:07:57.740+03:00  INFO 6532 --- [ChatApp] [           main] org.hibernate.Version                    : HHH000412: Hibernate ORM core version 6.6.8.Final
2025-05-15T11:07:57.865+03:00  INFO 6532 --- [ChatApp] [           main] o.h.c.internal.RegionFactoryInitiator    : HHH000026: Second-level cache disabled
2025-05-15T11:07:58.837+03:00  INFO 6532 --- [ChatApp] [           main] o.s.o.j.p.SpringPersistenceUnitInfo      : No LoadTimeWeaver setup: ignoring JPA class transformer
2025-05-15T11:07:58.929+03:00  INFO 6532 --- [ChatApp] [           main] com.zaxxer.hikari.HikariDataSource       : HikariPool-1 - Starting...
2025-05-15T11:07:59.629+03:00  INFO 6532 --- [ChatApp] [           main] com.zaxxer.hikari.pool.HikariPool        : HikariPool-1 - Added connection org.postgresql.jdbc.PgConnection@603f4e3e
2025-05-15T11:07:59.636+03:00  INFO 6532 --- [ChatApp] [           main] com.zaxxer.hikari.HikariDataSource       : HikariPool-1 - Start completed.
2025-05-15T11:08:00.337+03:00  INFO 6532 --- [ChatApp] [           main] org.hibernate.orm.connections.pooling    : HHH10001005: Database info:
	Database JDBC URL [Connecting through datasource 'HikariDataSource (HikariPool-1)']
	Database driver: undefined/unknown
	Database version: 15.12
	Autocommit mode: undefined/unknown
	Isolation level: undefined/unknown
	Minimum pool size: undefined/unknown
	Maximum pool size: undefined/unknown
2025-05-15T11:08:03.251+03:00  INFO 6532 --- [ChatApp] [           main] o.h.e.t.j.p.i.JtaPlatformInitiator       : HHH000489: No JTA platform available (set 'hibernate.transaction.jta.platform' to enable JTA platform integration)
2025-05-15T11:08:03.298+03:00  INFO 6532 --- [ChatApp] [           main] org.hibernate.orm.connections.access     : HHH10001501: Connection obtained from JdbcConnectionAccess [org.hibernate.engine.jdbc.env.internal.JdbcEnvironmentInitiator$ConnectionProviderJdbcConnectionAccess@68838767] for (non-JTA) DDL execution was not in auto-commit mode; the Connection 'local transaction' will be committed and the Connection will be set into auto-commit mode.
2025-05-15T11:08:04.702+03:00  INFO 6532 --- [ChatApp] [           main] j.LocalContainerEntityManagerFactoryBean : Initialized JPA EntityManagerFactory for persistence unit 'default'
2025-05-15T11:08:05.254+03:00  INFO 6532 --- [ChatApp] [           main] o.s.d.j.r.query.QueryEnhancerFactory     : Hibernate is in classpath; If applicable, HQL parser will be used.
2025-05-15T11:08:06.975+03:00  WARN 6532 --- [ChatApp] [           main] JpaBaseConfiguration$JpaWebConfiguration : spring.jpa.open-in-view is enabled by default. Therefore, database queries may be performed during view rendering. Explicitly configure spring.jpa.open-in-view to disable this warning
2025-05-15T11:08:07.042+03:00  INFO 6532 --- [ChatApp] [           main] r$InitializeUserDetailsManagerConfigurer : Global AuthenticationManager configured with UserDetailsService bean with name customUserServiceImpl
2025-05-15T11:08:09.685+03:00 DEBUG 6532 --- [ChatApp] [           main] o.s.w.s.s.s.WebSocketHandlerMapping      : Patterns [/ws/**] in 'stompWebSocketHandlerMapping'
2025-05-15T11:08:10.416+03:00 DEBUG 6532 --- [ChatApp] [           main] s.w.s.m.m.a.RequestMappingHandlerMapping : 31 mappings in 'requestMappingHandlerMapping'
2025-05-15T11:08:11.066+03:00 DEBUG 6532 --- [ChatApp] [           main] o.s.w.s.handler.SimpleUrlHandlerMapping  : Patterns [/webjars/**, /**] in 'resourceHandlerMapping'
2025-05-15T11:08:11.967+03:00 DEBUG 6532 --- [ChatApp] [           main] .WebSocketAnnotationMethodMessageHandler : 
	a.c.c.AuthController:
	
2025-05-15T11:08:11.975+03:00 DEBUG 6532 --- [ChatApp] [           main] .WebSocketAnnotationMethodMessageHandler : 
	a.c.c.ChatRestController:
	
2025-05-15T11:08:11.975+03:00 DEBUG 6532 --- [ChatApp] [           main] .WebSocketAnnotationMethodMessageHandler : 
	a.c.c.GroupController:
	
2025-05-15T11:08:12.013+03:00 DEBUG 6532 --- [ChatApp] [           main] .WebSocketAnnotationMethodMessageHandler : 
	a.c.c.WebSocketChatController:
	{[MESSAGE],[/chat.join]}: join(Message,Principal)
	{[MESSAGE],[/chat.group.update/{groupId}]}: updateGroup(Long,Message,Principal)
	{[MESSAGE],[/chat.sendGroupMessage/{groupId}]}: sendGroupMessage(Long,Message,Principal)
	{[MESSAGE],[/chat.typing/{destinationId}]}: sendTyping(String,Message,Principal)
	{[MESSAGE],[/chat.sendMessage]}: sendPublicMessage(Message,Principal)
	{[MESSAGE],[/chat.sendMessage/{recipientId}]}: sendMessage(Long,Message,Principal)
2025-05-15T11:08:12.020+03:00 DEBUG 6532 --- [ChatApp] [           main] .WebSocketAnnotationMethodMessageHandler : 
	o.s.b.a.w.s.e.BasicErrorController:
	
2025-05-15T11:08:12.719+03:00 DEBUG 6532 --- [ChatApp] [           main] s.w.s.m.m.a.RequestMappingHandlerAdapter : ControllerAdvice beans: 0 @ModelAttribute, 0 @InitBinder, 1 RequestBodyAdvice, 1 ResponseBodyAdvice
2025-05-15T11:08:13.049+03:00 DEBUG 6532 --- [ChatApp] [           main] .m.m.a.ExceptionHandlerExceptionResolver : ControllerAdvice beans: 1 @ExceptionHandler, 1 ResponseBodyAdvice
2025-05-15T11:08:14.067+03:00 DEBUG 6532 --- [ChatApp] [           main] org.springframework.web.SimpLogging      : clientOutboundChannel added SubProtocolWebSocketHandler[StompSubProtocolHandler[v10.stomp, v11.stomp, v12.stomp]]
2025-05-15T11:08:14.068+03:00 DEBUG 6532 --- [ChatApp] [           main] org.springframework.web.SimpLogging      : clientInboundChannel added WebSocketAnnotationMethodMessageHandler[prefixes=[/app/]]
2025-05-15T11:08:14.072+03:00  INFO 6532 --- [ChatApp] [           main] o.s.m.s.b.SimpleBrokerMessageHandler     : Starting...
2025-05-15T11:08:14.073+03:00 DEBUG 6532 --- [ChatApp] [           main] org.springframework.web.SimpLogging      : clientInboundChannel added SimpleBrokerMessageHandler [org.springframework.messaging.simp.broker.DefaultSubscriptionRegistry@5f7a7699]
2025-05-15T11:08:14.074+03:00 DEBUG 6532 --- [ChatApp] [           main] org.springframework.web.SimpLogging      : brokerChannel added SimpleBrokerMessageHandler [org.springframework.messaging.simp.broker.DefaultSubscriptionRegistry@5f7a7699]
2025-05-15T11:08:14.075+03:00  INFO 6532 --- [ChatApp] [           main] o.s.m.s.b.SimpleBrokerMessageHandler     : BrokerAvailabilityEvent[available=true, SimpleBrokerMessageHandler [org.springframework.messaging.simp.broker.DefaultSubscriptionRegistry@5f7a7699]]
2025-05-15T11:08:14.078+03:00  INFO 6532 --- [ChatApp] [           main] o.s.m.s.b.SimpleBrokerMessageHandler     : Started.
2025-05-15T11:08:14.078+03:00 DEBUG 6532 --- [ChatApp] [           main] org.springframework.web.SimpLogging      : clientInboundChannel added UserDestinationMessageHandler[DefaultUserDestinationResolver[prefix=/user/]]
2025-05-15T11:08:14.079+03:00 DEBUG 6532 --- [ChatApp] [           main] org.springframework.web.SimpLogging      : brokerChannel added UserDestinationMessageHandler[DefaultUserDestinationResolver[prefix=/user/]]
2025-05-15T11:08:14.138+03:00  INFO 6532 --- [ChatApp] [           main] app.chat.ChatAppApplicationTests         : Started ChatAppApplicationTests in 21.18 seconds (process running for 23.52)
]]></system-out>
  </testcase>
</testsuite>